2023-01-11 13:47:43, INFO: Current git head hash code: %s
2023-01-11 13:47:43, INFO: Using device: cpu
2023-01-11 13:47:43, INFO: Policy: OM-SARL w/ global state
2023-01-11 13:47:43, INFO: Policy configured.
2023-01-11 13:47:43, INFO: human number: 3
2023-01-11 13:47:43, INFO: Not randomize human's radius and preferred speed
2023-01-11 13:47:43, INFO: Training simulation: circle_crossing, test simulation: circle_crossing
2023-01-11 13:47:43, INFO: Square width: 10.0, circle width: 4.0
2023-01-11 13:47:43, INFO: Environment configured.
2023-01-11 13:47:43, INFO: Training Parameters read successful
2023-01-11 13:47:43, INFO: Trainer and explorer configured.
2023-01-11 13:47:43, INFO: IMITATION LEARNING TAKING PLACE
2023-01-11 13:47:43, INFO: Current learning rate: 0.010000
2023-01-11 13:47:43, INFO: NOW RUNNING K EPISODES OF IL POLICY
2023-01-11 13:47:43, INFO: INSIDE THE run_k_episodes FUNCTION.
2023-01-11 13:47:43, INFO: Current k = 0
2023-01-11 13:47:44, INFO: Current k = 1
2023-01-11 13:47:45, INFO: Current k = 2
2023-01-11 13:47:46, INFO: Current k = 3
2023-01-11 13:47:48, INFO: Current k = 4
2023-01-11 13:47:49, INFO: Current k = 5
2023-01-11 13:47:49, INFO: Current k = 6
2023-01-11 13:47:50, INFO: Current k = 7
2023-01-11 13:47:50, INFO: Current k = 8
2023-01-11 13:47:52, INFO: Current k = 9
2023-01-11 13:47:54, INFO: Current k = 10
2023-01-11 13:47:55, INFO: Current k = 11
2023-01-11 13:47:55, INFO: Current k = 12
2023-01-11 13:47:57, INFO: Current k = 13
2023-01-11 13:47:59, INFO: Current k = 14
2023-01-11 13:47:59, INFO: Current k = 15
2023-01-11 13:48:01, INFO: Current k = 16
2023-01-11 13:48:02, INFO: Current k = 17
2023-01-11 13:48:03, INFO: Current k = 18
2023-01-11 13:48:04, INFO: Current k = 19
2023-01-11 13:48:04, INFO: Current k = 20
2023-01-11 13:48:06, INFO: Current k = 21
2023-01-11 13:48:07, INFO: Current k = 22
2023-01-11 13:48:08, INFO: Current k = 23
2023-01-11 13:48:08, INFO: Current k = 24
2023-01-11 13:48:09, INFO: Current k = 25
2023-01-11 13:48:10, INFO: Current k = 26
2023-01-11 13:48:11, INFO: Current k = 27
2023-01-11 13:48:12, INFO: Current k = 28
2023-01-11 13:48:12, INFO: Current k = 29
2023-01-11 13:48:12, INFO: Current k = 30
2023-01-11 13:48:13, INFO: Current k = 31
2023-01-11 13:48:14, INFO: Current k = 32
2023-01-11 13:48:15, INFO: Current k = 33
2023-01-11 13:48:16, INFO: Current k = 34
2023-01-11 13:48:16, INFO: Current k = 35
2023-01-11 13:48:17, INFO: Current k = 36
2023-01-11 13:48:19, INFO: Current k = 37
2023-01-11 13:48:20, INFO: Current k = 38
2023-01-11 13:48:21, INFO: Current k = 39
2023-01-11 13:48:22, INFO: Current k = 40
2023-01-11 13:48:23, INFO: Current k = 41
2023-01-11 13:48:24, INFO: Current k = 42
2023-01-11 13:48:26, INFO: Current k = 43
2023-01-11 13:48:26, INFO: Current k = 44
2023-01-11 13:48:26, INFO: Current k = 45
2023-01-11 13:48:27, INFO: Current k = 46
2023-01-11 13:48:29, INFO: Current k = 47
2023-01-11 13:48:30, INFO: Current k = 48
2023-01-11 13:48:30, INFO: Current k = 49
2023-01-11 13:48:30, INFO: Current k = 50
2023-01-11 13:48:31, INFO: Current k = 51
2023-01-11 13:48:32, INFO: Current k = 52
2023-01-11 13:48:32, INFO: Current k = 53
2023-01-11 13:48:33, INFO: Current k = 54
2023-01-11 13:48:33, INFO: Current k = 55
2023-01-11 13:48:34, INFO: Current k = 56
2023-01-11 13:48:36, INFO: Current k = 57
2023-01-11 13:48:37, INFO: Current k = 58
2023-01-11 13:48:37, INFO: Current k = 59
2023-01-11 13:48:39, INFO: Current k = 60
2023-01-11 13:48:39, INFO: Current k = 61
2023-01-11 13:48:39, INFO: Current k = 62
2023-01-11 13:48:41, INFO: Current k = 63
2023-01-11 13:48:41, INFO: Current k = 64
2023-01-11 13:48:42, INFO: Current k = 65
2023-01-11 13:48:42, INFO: Current k = 66
2023-01-11 13:48:44, INFO: Current k = 67
2023-01-11 13:48:45, INFO: Current k = 68
2023-01-11 13:48:46, INFO: Current k = 69
2023-01-11 13:48:47, INFO: Current k = 70
2023-01-11 13:48:49, INFO: Current k = 71
2023-01-11 13:48:50, INFO: Current k = 72
2023-01-11 13:48:52, INFO: Current k = 73
2023-01-11 13:48:52, INFO: Current k = 74
2023-01-11 13:48:53, INFO: Current k = 75
2023-01-11 13:48:53, INFO: Current k = 76
2023-01-11 13:48:54, INFO: Current k = 77
2023-01-11 13:48:55, INFO: Current k = 78
2023-01-11 13:48:55, INFO: Current k = 79
2023-01-11 13:48:55, INFO: Current k = 80
2023-01-11 13:48:55, INFO: Current k = 81
2023-01-11 13:48:56, INFO: Current k = 82
2023-01-11 13:48:57, INFO: Current k = 83
2023-01-11 13:48:59, INFO: Current k = 84
2023-01-11 13:49:00, INFO: Current k = 85
2023-01-11 13:49:00, INFO: Current k = 86
2023-01-11 13:49:01, INFO: Current k = 87
2023-01-11 13:49:03, INFO: Current k = 88
2023-01-11 13:49:04, INFO: Current k = 89
2023-01-11 13:49:04, INFO: Current k = 90
2023-01-11 13:49:06, INFO: Current k = 91
2023-01-11 13:49:07, INFO: Current k = 92
2023-01-11 13:49:07, INFO: Current k = 93
2023-01-11 13:49:08, INFO: Current k = 94
2023-01-11 13:49:09, INFO: Current k = 95
2023-01-11 13:49:09, INFO: Current k = 96
2023-01-11 13:49:11, INFO: Current k = 97
2023-01-11 13:49:13, INFO: Current k = 98
2023-01-11 13:49:15, INFO: Current k = 99
2023-01-11 13:49:16, INFO: TRAIN has success rate: 0.74, collision rate: 0.12, nav time: 8.01, total reward: 0.4191
2023-01-11 13:49:37, INFO: Finish imitation learning. Weights saved.
2023-01-11 13:49:37, INFO: Experience set size: 2431/100000
2023-01-11 13:49:37, INFO: Agent is invisible and has holonomic kinematic constraint
2023-01-11 13:49:37, INFO: Current learning rate: 0.001000
2023-01-11 13:49:37, INFO: Current episode=0
2023-01-11 13:49:37, INFO: Current episilon=0.5
2023-01-11 13:49:37, INFO: INSIDE THE run_k_episodes FUNCTION.
2023-01-11 13:49:37, INFO: Current k = 0
2023-01-11 13:50:01, INFO: Current k = 1
2023-01-11 13:50:35, INFO: Current k = 2
2023-01-11 13:50:53, INFO: Current k = 3
2023-01-11 13:51:18, INFO: Current k = 4
2023-01-11 13:51:20, INFO: Current k = 5
2023-01-11 13:51:21, INFO: Current k = 6
2023-01-11 13:51:38, INFO: Current k = 7
2023-01-11 13:51:46, INFO: Current k = 8
2023-01-11 13:52:16, INFO: Current k = 9
2023-01-11 13:52:30, INFO: Current k = 10
2023-01-11 13:52:36, INFO: Current k = 11
2023-01-11 13:53:13, INFO: Current k = 12
2023-01-11 13:53:15, INFO: Current k = 13
2023-01-11 13:53:27, INFO: Current k = 14
2023-01-11 13:54:00, INFO: Current k = 15
2023-01-11 13:54:00, INFO: Current k = 16
2023-01-11 13:54:02, INFO: Current k = 17
2023-01-11 13:54:39, INFO: Current k = 18
2023-01-11 13:54:56, INFO: Current k = 19
2023-01-11 13:55:01, INFO: Current k = 20
2023-01-11 13:55:16, INFO: Current k = 21
2023-01-11 13:55:32, INFO: Current k = 22
2023-01-11 13:55:34, INFO: Current k = 23
2023-01-11 13:55:50, INFO: Current k = 24
2023-01-11 13:56:19, INFO: Current k = 25
2023-01-11 13:56:26, INFO: Current k = 26
2023-01-11 13:56:28, INFO: Current k = 27
2023-01-11 13:56:56, INFO: Current k = 28
2023-01-11 13:57:10, INFO: Current k = 29
2023-01-11 13:57:39, INFO: Current k = 30
2023-01-11 13:58:16, INFO: Current k = 31
2023-01-11 13:58:17, INFO: Current k = 32
2023-01-11 13:58:40, INFO: Current k = 33
2023-01-11 13:58:43, INFO: Current k = 34
2023-01-11 13:59:11, INFO: Current k = 35
2023-01-11 13:59:30, INFO: Current k = 36
2023-01-11 13:59:46, INFO: Current k = 37
2023-01-11 13:59:48, INFO: Current k = 38
2023-01-11 14:02:10, INFO: Current k = 39
2023-01-11 14:02:11, INFO: Current k = 40
2023-01-11 14:02:58, INFO: Current k = 41
2023-01-11 14:03:27, INFO: Current k = 42
2023-01-11 14:03:46, INFO: Current k = 43
2023-01-11 14:03:48, INFO: Current k = 44
2023-01-11 14:03:51, INFO: Current k = 45
2023-01-11 14:04:04, INFO: Current k = 46
2023-01-11 14:04:10, INFO: Current k = 47
2023-01-11 14:04:29, INFO: Current k = 48
2023-01-11 14:06:48, INFO: Current k = 49
2023-01-11 14:06:49, INFO: Current k = 50
2023-01-11 14:07:21, INFO: Current k = 51
2023-01-11 14:07:22, INFO: Current k = 52
2023-01-11 14:07:40, INFO: Current k = 53
2023-01-11 14:07:47, INFO: Current k = 54
2023-01-11 14:07:59, INFO: Current k = 55
2023-01-11 14:08:33, INFO: Current k = 56
2023-01-11 14:08:48, INFO: Current k = 57
2023-01-11 14:09:11, INFO: Current k = 58
2023-01-11 14:09:47, INFO: Current k = 59
2023-01-11 14:09:49, INFO: Current k = 60
2023-01-11 14:10:29, INFO: Current k = 61
2023-01-11 14:10:45, INFO: Current k = 62
2023-01-11 14:11:11, INFO: Current k = 63
2023-01-11 14:11:13, INFO: Current k = 64
2023-01-11 14:11:29, INFO: Current k = 65
2023-01-11 14:12:09, INFO: Current k = 66
2023-01-11 14:12:36, INFO: Current k = 67
2023-01-11 14:12:41, INFO: Current k = 68
2023-01-11 14:12:45, INFO: Current k = 69
2023-01-11 14:13:03, INFO: Current k = 70
2023-01-11 14:13:14, INFO: Current k = 71
2023-01-11 14:13:15, INFO: Current k = 72
2023-01-11 14:13:32, INFO: Current k = 73
2023-01-11 14:13:45, INFO: Current k = 74
2023-01-11 14:14:13, INFO: Current k = 75
2023-01-11 14:14:52, INFO: Current k = 76
2023-01-11 14:14:53, INFO: Current k = 77
2023-01-11 14:15:31, INFO: Current k = 78
2023-01-11 14:16:13, INFO: Current k = 79
2023-01-11 14:16:17, INFO: Current k = 80
2023-01-11 14:16:30, INFO: Current k = 81
2023-01-11 14:17:22, INFO: Current k = 82
2023-01-11 14:18:06, INFO: Current k = 83
2023-01-11 14:18:12, INFO: Current k = 84
2023-01-11 14:18:19, INFO: Current k = 85
2023-01-11 14:18:20, INFO: Current k = 86
2023-01-11 14:19:01, INFO: Current k = 87
2023-01-11 14:19:41, INFO: Current k = 88
2023-01-11 14:20:14, INFO: Current k = 89
2023-01-11 14:20:32, INFO: Current k = 90
2023-01-11 14:20:33, INFO: Current k = 91
2023-01-11 14:20:35, INFO: Current k = 92
2023-01-11 14:21:00, INFO: Current k = 93
2023-01-11 14:21:40, INFO: Current k = 94
2023-01-11 14:24:02, INFO: Current k = 95
2023-01-11 14:24:47, INFO: Current k = 96
2023-01-11 14:24:48, INFO: Current k = 97
2023-01-11 14:25:31, INFO: Current k = 98
2023-01-11 14:27:55, INFO: Current k = 99
2023-01-11 14:28:30, INFO: VAL   in episode 0 has success rate: 0.66, collision rate: 0.30, nav time: 3.80, total reward: 0.5389
2023-01-11 14:28:30, INFO: Frequency of being in danger: 0.49 and average min separate distance in danger: 0.04
2023-01-11 14:28:30, INFO: INSIDE THE run_k_episodes FUNCTION.
2023-01-11 14:28:30, INFO: Current k = 0
2023-01-11 14:28:45, INFO: TRAIN in episode 0 has success rate: 0.00, collision rate: 1.00, nav time: 25.00, total reward: -0.4573
2023-01-11 14:28:45, INFO: Current episode=1
2023-01-11 14:28:45, INFO: Current episilon=0.4999
2023-01-11 14:28:45, INFO: INSIDE THE run_k_episodes FUNCTION.
2023-01-11 14:28:45, INFO: Current k = 0
2023-01-11 14:28:52, INFO: TRAIN in episode 1 has success rate: 0.00, collision rate: 1.00, nav time: 25.00, total reward: -0.6327
2023-01-11 14:28:53, INFO: Current episode=2
2023-01-11 14:28:53, INFO: Current episilon=0.4998
2023-01-11 14:28:53, INFO: INSIDE THE run_k_episodes FUNCTION.
2023-01-11 14:28:53, INFO: Current k = 0
2023-01-11 14:28:59, INFO: TRAIN in episode 2 has success rate: 0.00, collision rate: 1.00, nav time: 25.00, total reward: -0.6276
2023-01-11 14:28:59, INFO: Current episode=3
2023-01-11 14:28:59, INFO: Current episilon=0.4997
2023-01-11 14:28:59, INFO: INSIDE THE run_k_episodes FUNCTION.
2023-01-11 14:28:59, INFO: Current k = 0
2023-01-11 14:29:09, INFO: TRAIN in episode 3 has success rate: 0.00, collision rate: 1.00, nav time: 25.00, total reward: -0.6377
2023-01-11 14:29:09, INFO: Current episode=4
2023-01-11 14:29:09, INFO: Current episilon=0.4996
2023-01-11 14:29:09, INFO: INSIDE THE run_k_episodes FUNCTION.
2023-01-11 14:29:09, INFO: Current k = 0
2023-01-11 14:29:27, INFO: TRAIN in episode 4 has success rate: 1.00, collision rate: 0.00, nav time: 5.25, total reward: 0.8723
2023-01-11 14:29:27, INFO: Current episode=5
2023-01-11 14:29:27, INFO: Current episilon=0.4995
2023-01-11 14:29:27, INFO: INSIDE THE run_k_episodes FUNCTION.
2023-01-11 14:29:27, INFO: Current k = 0
2023-01-11 14:29:28, INFO: TRAIN in episode 5 has success rate: 0.00, collision rate: 1.00, nav time: 25.00, total reward: -0.7500
2023-01-11 14:29:29, INFO: Current episode=6
2023-01-11 14:29:29, INFO: Current episilon=0.4994
2023-01-11 14:29:29, INFO: INSIDE THE run_k_episodes FUNCTION.
2023-01-11 14:29:29, INFO: Current k = 0
2023-01-11 14:29:36, INFO: TRAIN in episode 6 has success rate: 0.00, collision rate: 1.00, nav time: 25.00, total reward: -0.5924
2023-01-11 14:29:36, INFO: Current episode=7
2023-01-11 14:29:36, INFO: Current episilon=0.4993
2023-01-11 14:29:36, INFO: INSIDE THE run_k_episodes FUNCTION.
2023-01-11 14:29:36, INFO: Current k = 0
2023-01-11 14:29:44, INFO: TRAIN in episode 7 has success rate: 1.00, collision rate: 0.00, nav time: 3.00, total reward: 1.2507
2023-01-11 14:29:44, INFO: Current episode=8
2023-01-11 14:29:44, INFO: Current episilon=0.4992
2023-01-11 14:29:44, INFO: INSIDE THE run_k_episodes FUNCTION.
2023-01-11 14:29:44, INFO: Current k = 0
2023-01-11 14:29:46, INFO: TRAIN in episode 8 has success rate: 0.00, collision rate: 1.00, nav time: 25.00, total reward: -0.7500
2023-01-11 14:29:46, INFO: Current episode=9
2023-01-11 14:29:46, INFO: Current episilon=0.4991
2023-01-11 14:29:46, INFO: INSIDE THE run_k_episodes FUNCTION.
2023-01-11 14:29:46, INFO: Current k = 0
2023-01-11 14:29:50, INFO: TRAIN in episode 9 has success rate: 0.00, collision rate: 1.00, nav time: 25.00, total reward: -0.7074
2023-01-11 14:29:50, INFO: Current episode=10
2023-01-11 14:29:50, INFO: Current episilon=0.499
2023-01-11 14:29:50, INFO: INSIDE THE run_k_episodes FUNCTION.
2023-01-11 14:29:50, INFO: Current k = 0
2023-01-11 14:29:52, INFO: TRAIN in episode 10 has success rate: 0.00, collision rate: 1.00, nav time: 25.00, total reward: -0.7500
2023-01-11 14:29:52, INFO: Current episode=11
2023-01-11 14:29:52, INFO: Current episilon=0.4989
2023-01-11 14:29:52, INFO: INSIDE THE run_k_episodes FUNCTION.
2023-01-11 14:29:52, INFO: Current k = 0
2023-01-11 14:29:52, INFO: TRAIN in episode 11 has success rate: 0.00, collision rate: 1.00, nav time: 25.00, total reward: -0.7500
2023-01-11 14:29:52, INFO: Current episode=12
2023-01-11 14:29:52, INFO: Current episilon=0.4988
2023-01-11 14:29:52, INFO: INSIDE THE run_k_episodes FUNCTION.
2023-01-11 14:29:52, INFO: Current k = 0
2023-01-11 14:30:39, INFO: TRAIN in episode 12 has success rate: 1.00, collision rate: 0.00, nav time: 14.25, total reward: 0.0820
2023-01-11 14:30:39, INFO: Current episode=13
2023-01-11 14:30:39, INFO: Current episilon=0.4987
2023-01-11 14:30:39, INFO: INSIDE THE run_k_episodes FUNCTION.
2023-01-11 14:30:39, INFO: Current k = 0
2023-01-11 14:30:50, INFO: TRAIN in episode 13 has success rate: 1.00, collision rate: 0.00, nav time: 3.25, total reward: 1.2117
2023-01-11 14:30:50, INFO: Current episode=14
2023-01-11 14:30:50, INFO: Current episilon=0.4986
2023-01-11 14:30:50, INFO: INSIDE THE run_k_episodes FUNCTION.
2023-01-11 14:30:50, INFO: Current k = 0
2023-01-11 14:30:52, INFO: TRAIN in episode 14 has success rate: 0.00, collision rate: 1.00, nav time: 25.00, total reward: -0.7500
2023-01-11 14:30:52, INFO: Current episode=15
2023-01-11 14:30:52, INFO: Current episilon=0.4985
2023-01-11 14:30:52, INFO: INSIDE THE run_k_episodes FUNCTION.
2023-01-11 14:30:52, INFO: Current k = 0
2023-01-11 14:30:52, INFO: TRAIN in episode 15 has success rate: 0.00, collision rate: 1.00, nav time: 25.00, total reward: -0.7500
2023-01-11 14:30:52, INFO: Current episode=16
2023-01-11 14:30:52, INFO: Current episilon=0.4984
2023-01-11 14:30:52, INFO: INSIDE THE run_k_episodes FUNCTION.
2023-01-11 14:30:52, INFO: Current k = 0
2023-01-11 14:30:59, INFO: TRAIN in episode 16 has success rate: 0.00, collision rate: 1.00, nav time: 25.00, total reward: -0.6299
2023-01-11 14:30:59, INFO: Current episode=17
2023-01-11 14:30:59, INFO: Current episilon=0.4983
2023-01-11 14:30:59, INFO: INSIDE THE run_k_episodes FUNCTION.
2023-01-11 14:30:59, INFO: Current k = 0
2023-01-11 14:31:04, INFO: TRAIN in episode 17 has success rate: 0.00, collision rate: 1.00, nav time: 25.00, total reward: -0.6037
2023-01-11 14:31:04, INFO: Current episode=18
2023-01-11 14:31:04, INFO: Current episilon=0.4982
2023-01-11 14:31:04, INFO: INSIDE THE run_k_episodes FUNCTION.
2023-01-11 14:31:04, INFO: Current k = 0
2023-01-11 14:31:08, INFO: TRAIN in episode 18 has success rate: 1.00, collision rate: 0.00, nav time: 0.75, total reward: 1.8431
2023-01-11 14:31:09, INFO: Current episode=19
2023-01-11 14:31:09, INFO: Current episilon=0.4981
2023-01-11 14:31:09, INFO: INSIDE THE run_k_episodes FUNCTION.
2023-01-11 14:31:09, INFO: Current k = 0
2023-01-11 14:32:01, INFO: TRAIN in episode 19 has success rate: 1.00, collision rate: 0.00, nav time: 16.25, total reward: 0.0279
2023-01-11 14:32:02, INFO: Current episode=20
2023-01-11 14:32:02, INFO: Current episilon=0.498
2023-01-11 14:32:02, INFO: INSIDE THE run_k_episodes FUNCTION.
2023-01-11 14:32:02, INFO: Current k = 0
2023-01-11 14:32:31, INFO: Current k = 1
2023-01-11 14:32:40, INFO: Current k = 2
2023-01-11 14:33:31, INFO: Current k = 3
2023-01-11 14:33:56, INFO: Current k = 4
2023-01-11 14:33:57, INFO: Current k = 5
2023-01-11 14:34:07, INFO: Current k = 6
2023-01-11 14:34:08, INFO: Current k = 7
2023-01-11 14:34:10, INFO: Current k = 8
2023-01-11 14:34:12, INFO: Current k = 9
2023-01-11 14:34:23, INFO: Current k = 10
2023-01-11 14:34:47, INFO: Current k = 11
2023-01-11 14:35:23, INFO: Current k = 12
2023-01-11 14:35:28, INFO: Current k = 13
2023-01-11 14:35:37, INFO: Current k = 14
2023-01-11 14:36:07, INFO: Current k = 15
2023-01-11 14:36:39, INFO: Current k = 16
2023-01-11 14:39:01, INFO: Current k = 17
2023-01-11 14:39:29, INFO: Current k = 18
2023-01-11 14:40:01, INFO: Current k = 19
2023-01-11 14:40:27, INFO: Current k = 20
2023-01-11 14:40:46, INFO: Current k = 21
2023-01-11 14:41:17, INFO: Current k = 22
2023-01-11 14:41:49, INFO: Current k = 23
2023-01-11 14:42:07, INFO: Current k = 24
2023-01-11 14:42:24, INFO: Current k = 25
2023-01-11 14:42:42, INFO: Current k = 26
2023-01-11 14:42:58, INFO: Current k = 27
2023-01-11 14:43:01, INFO: Current k = 28
2023-01-11 14:43:02, INFO: Current k = 29
2023-01-11 14:43:14, INFO: Current k = 30
2023-01-11 14:43:16, INFO: Current k = 31
2023-01-11 14:47:42, INFO: Current k = 32
2023-01-11 15:11:04, INFO: Current k = 33
2023-01-11 15:11:09, INFO: Current k = 34
2023-01-11 15:11:13, INFO: Current k = 35
2023-01-11 15:51:01, INFO: Current k = 36
2023-01-11 16:38:27, INFO: Current k = 37
2023-01-11 17:02:19, INFO: Current k = 38
2023-01-11 17:02:31, INFO: Current k = 39
2023-01-11 17:24:50, INFO: Current k = 40
2023-01-11 17:25:18, INFO: Current k = 41
2023-01-11 17:25:52, INFO: Current k = 42
2023-01-11 17:25:54, INFO: Current k = 43
2023-01-11 17:26:26, INFO: Current k = 44
2023-01-11 17:28:49, INFO: Current k = 45
2023-01-11 17:28:50, INFO: Current k = 46
2023-01-11 17:28:56, INFO: Current k = 47
2023-01-11 17:29:34, INFO: Current k = 48
2023-01-11 17:29:40, INFO: Current k = 49
2023-01-11 17:29:59, INFO: Current k = 50
2023-01-11 17:30:06, INFO: Current k = 51
2023-01-11 17:30:29, INFO: Current k = 52
2023-01-11 17:30:54, INFO: Current k = 53
2023-01-11 17:31:05, INFO: Current k = 54
2023-01-11 17:31:31, INFO: Current k = 55
2023-01-11 17:32:01, INFO: Current k = 56
2023-01-11 17:32:20, INFO: Current k = 57
2023-01-11 17:32:49, INFO: Current k = 58
2023-01-11 17:33:15, INFO: Current k = 59
2023-01-11 17:33:43, INFO: Current k = 60
2023-01-11 17:33:45, INFO: Current k = 61
2023-01-11 17:33:51, INFO: Current k = 62
2023-01-11 17:33:52, INFO: Current k = 63
2023-01-11 17:33:58, INFO: Current k = 64
2023-01-11 17:34:27, INFO: Current k = 65
2023-01-11 17:34:39, INFO: Current k = 66
2023-01-11 17:34:41, INFO: Current k = 67
2023-01-11 17:35:09, INFO: Current k = 68
2023-01-11 17:35:13, INFO: Current k = 69
2023-01-11 17:35:36, INFO: Current k = 70
2023-01-11 17:36:17, INFO: Current k = 71
2023-01-11 17:36:23, INFO: Current k = 72
2023-01-11 17:36:24, INFO: Current k = 73
2023-01-11 17:36:50, INFO: Current k = 74
2023-01-11 17:37:21, INFO: Current k = 75
2023-01-11 17:37:37, INFO: Current k = 76
2023-01-11 17:37:46, INFO: Current k = 77
2023-01-11 17:38:17, INFO: Current k = 78
2023-01-11 17:38:43, INFO: Current k = 79
2023-01-11 17:38:44, INFO: Current k = 80
2023-01-11 17:38:55, INFO: Current k = 81
2023-01-11 17:38:57, INFO: Current k = 82
2023-01-11 17:38:58, INFO: Current k = 83
2023-01-11 17:39:47, INFO: Current k = 84
2023-01-11 17:40:10, INFO: Current k = 85
2023-01-11 17:40:20, INFO: Current k = 86
2023-01-11 17:40:21, INFO: Current k = 87
2023-01-11 17:40:51, INFO: Current k = 88
2023-01-11 17:41:23, INFO: Current k = 89
2023-01-11 17:41:27, INFO: Current k = 90
2023-01-11 17:41:59, INFO: Current k = 91
2023-01-11 17:42:01, INFO: Current k = 92
2023-01-11 17:42:27, INFO: Current k = 93
2023-01-11 17:42:28, INFO: Current k = 94
2023-01-11 17:43:01, INFO: Current k = 95
2023-01-11 17:43:09, INFO: Current k = 96
2023-01-11 17:43:51, INFO: Current k = 97
2023-01-11 17:43:53, INFO: Current k = 98
2023-01-11 17:44:24, INFO: Current k = 99
2023-01-11 17:44:25, INFO: VAL   in episode 20 has success rate: 0.61, collision rate: 0.37, nav time: 3.88, total reward: 0.4193
2023-01-11 17:44:25, INFO: Frequency of being in danger: 0.41 and average min separate distance in danger: 0.05
2023-01-11 17:44:25, INFO: INSIDE THE run_k_episodes FUNCTION.
2023-01-11 17:44:25, INFO: Current k = 0
2023-01-11 17:45:06, INFO: TRAIN in episode 20 has success rate: 1.00, collision rate: 0.00, nav time: 13.75, total reward: 0.1129
2023-01-11 17:45:06, INFO: Current episode=21
2023-01-11 17:45:06, INFO: Current episilon=0.4979
2023-01-11 17:45:06, INFO: INSIDE THE run_k_episodes FUNCTION.
2023-01-11 17:45:06, INFO: Current k = 0
2023-01-11 17:45:06, INFO: TRAIN in episode 21 has success rate: 0.00, collision rate: 1.00, nav time: 25.00, total reward: -0.7500
2023-01-11 17:45:06, INFO: Current episode=22
2023-01-11 17:45:06, INFO: Current episilon=0.4978
2023-01-11 17:45:06, INFO: INSIDE THE run_k_episodes FUNCTION.
2023-01-11 17:45:06, INFO: Current k = 0
2023-01-11 17:45:07, INFO: TRAIN in episode 22 has success rate: 0.00, collision rate: 1.00, nav time: 25.00, total reward: -0.7500
2023-01-11 17:45:08, INFO: Current episode=23
2023-01-11 17:45:08, INFO: Current episilon=0.4977
2023-01-11 17:45:08, INFO: INSIDE THE run_k_episodes FUNCTION.
2023-01-11 17:45:08, INFO: Current k = 0
2023-01-11 17:45:12, INFO: TRAIN in episode 23 has success rate: 1.00, collision rate: 0.00, nav time: 1.50, total reward: 1.6299
2023-01-11 17:45:12, INFO: Current episode=24
2023-01-11 17:45:12, INFO: Current episilon=0.4976
2023-01-11 17:45:12, INFO: INSIDE THE run_k_episodes FUNCTION.
2023-01-11 17:45:12, INFO: Current k = 0
2023-01-11 17:45:14, INFO: TRAIN in episode 24 has success rate: 0.00, collision rate: 1.00, nav time: 25.00, total reward: -0.7500
2023-01-11 17:45:14, INFO: Current episode=25
2023-01-11 17:45:14, INFO: Current episilon=0.4975
2023-01-11 17:45:14, INFO: INSIDE THE run_k_episodes FUNCTION.
2023-01-11 17:45:14, INFO: Current k = 0
2023-01-11 17:45:37, INFO: TRAIN in episode 25 has success rate: 0.00, collision rate: 1.00, nav time: 25.00, total reward: -0.2834
2023-01-11 17:45:37, INFO: Current episode=26
2023-01-11 17:45:37, INFO: Current episilon=0.4974
2023-01-11 17:45:37, INFO: INSIDE THE run_k_episodes FUNCTION.
2023-01-11 17:45:37, INFO: Current k = 0
2023-01-11 17:45:48, INFO: TRAIN in episode 26 has success rate: 0.00, collision rate: 1.00, nav time: 25.00, total reward: -0.3925
2023-01-11 17:45:48, INFO: Current episode=27
2023-01-11 17:45:48, INFO: Current episilon=0.4973
2023-01-11 17:45:48, INFO: INSIDE THE run_k_episodes FUNCTION.
2023-01-11 17:45:48, INFO: Current k = 0
2023-01-11 17:45:55, INFO: TRAIN in episode 27 has success rate: 1.00, collision rate: 0.00, nav time: 4.00, total reward: 1.0769
2023-01-11 17:45:55, INFO: Current episode=28
2023-01-11 17:45:55, INFO: Current episilon=0.4972
2023-01-11 17:45:55, INFO: INSIDE THE run_k_episodes FUNCTION.
2023-01-11 17:45:55, INFO: Current k = 0
2023-01-11 17:46:16, INFO: TRAIN in episode 28 has success rate: 1.00, collision rate: 0.00, nav time: 5.25, total reward: 0.8723
2023-01-11 17:46:16, INFO: Current episode=29
2023-01-11 17:46:16, INFO: Current episilon=0.4971
2023-01-11 17:46:16, INFO: INSIDE THE run_k_episodes FUNCTION.
2023-01-11 17:46:16, INFO: Current k = 0
2023-01-11 17:46:26, INFO: TRAIN in episode 29 has success rate: 1.00, collision rate: 0.00, nav time: 3.25, total reward: 1.2205
2023-01-11 17:46:26, INFO: Current episode=30
2023-01-11 17:46:26, INFO: Current episilon=0.497
2023-01-11 17:46:26, INFO: INSIDE THE run_k_episodes FUNCTION.
2023-01-11 17:46:26, INFO: Current k = 0
2023-01-11 17:46:26, INFO: TRAIN in episode 30 has success rate: 0.00, collision rate: 1.00, nav time: 25.00, total reward: -0.7500
2023-01-11 17:46:27, INFO: Current episode=31
2023-01-11 17:46:27, INFO: Current episilon=0.4969
2023-01-11 17:46:27, INFO: INSIDE THE run_k_episodes FUNCTION.
2023-01-11 17:46:27, INFO: Current k = 0
2023-01-11 17:46:32, INFO: TRAIN in episode 31 has success rate: 0.00, collision rate: 1.00, nav time: 25.00, total reward: -0.5804
2023-01-11 17:46:33, INFO: Current episode=32
2023-01-11 17:46:33, INFO: Current episilon=0.4968
2023-01-11 17:46:33, INFO: INSIDE THE run_k_episodes FUNCTION.
2023-01-11 17:46:33, INFO: Current k = 0
2023-01-11 17:46:43, INFO: TRAIN in episode 32 has success rate: 0.00, collision rate: 1.00, nav time: 25.00, total reward: -0.5382
2023-01-11 17:46:43, INFO: Current episode=33
2023-01-11 17:46:43, INFO: Current episilon=0.4967
2023-01-11 17:46:43, INFO: INSIDE THE run_k_episodes FUNCTION.
2023-01-11 17:46:43, INFO: Current k = 0
2023-01-11 17:46:47, INFO: TRAIN in episode 33 has success rate: 0.00, collision rate: 1.00, nav time: 25.00, total reward: -0.6165
2023-01-11 17:46:47, INFO: Current episode=34
2023-01-11 17:46:47, INFO: Current episilon=0.4966
2023-01-11 17:46:47, INFO: INSIDE THE run_k_episodes FUNCTION.
2023-01-11 17:46:47, INFO: Current k = 0
2023-01-11 17:46:47, INFO: TRAIN in episode 34 has success rate: 0.00, collision rate: 1.00, nav time: 25.00, total reward: -0.7500
2023-01-11 17:46:48, INFO: Current episode=35
2023-01-11 17:46:48, INFO: Current episilon=0.4965
2023-01-11 17:46:48, INFO: INSIDE THE run_k_episodes FUNCTION.
2023-01-11 17:46:48, INFO: Current k = 0
2023-01-11 17:46:52, INFO: TRAIN in episode 35 has success rate: 1.00, collision rate: 0.00, nav time: 1.75, total reward: 1.5643
2023-01-11 17:46:52, INFO: Current episode=36
2023-01-11 17:46:52, INFO: Current episilon=0.4964
2023-01-11 17:46:52, INFO: INSIDE THE run_k_episodes FUNCTION.
2023-01-11 17:46:52, INFO: Current k = 0
2023-01-11 17:47:21, INFO: TRAIN in episode 36 has success rate: 0.00, collision rate: 1.00, nav time: 25.00, total reward: -0.2850
2023-01-11 17:47:21, INFO: Current episode=37
2023-01-11 17:47:21, INFO: Current episilon=0.4963
2023-01-11 17:47:21, INFO: INSIDE THE run_k_episodes FUNCTION.
2023-01-11 17:47:21, INFO: Current k = 0
2023-01-11 17:47:40, INFO: TRAIN in episode 37 has success rate: 0.00, collision rate: 1.00, nav time: 25.00, total reward: -0.3991
2023-01-11 17:47:40, INFO: Current episode=38
2023-01-11 17:47:40, INFO: Current episilon=0.4962
2023-01-11 17:47:40, INFO: INSIDE THE run_k_episodes FUNCTION.
2023-01-11 17:47:40, INFO: Current k = 0
2023-01-11 17:47:40, INFO: TRAIN in episode 38 has success rate: 0.00, collision rate: 1.00, nav time: 25.00, total reward: -0.7500
2023-01-11 17:47:40, INFO: Current episode=39
2023-01-11 17:47:40, INFO: Current episilon=0.4961
2023-01-11 17:47:40, INFO: INSIDE THE run_k_episodes FUNCTION.
2023-01-11 17:47:40, INFO: Current k = 0
2023-01-11 17:47:58, INFO: TRAIN in episode 39 has success rate: 0.00, collision rate: 1.00, nav time: 25.00, total reward: -0.3545
2023-01-11 17:47:58, INFO: Current episode=40
2023-01-11 17:47:58, INFO: Current episilon=0.496
2023-01-11 17:47:58, INFO: INSIDE THE run_k_episodes FUNCTION.
2023-01-11 17:47:58, INFO: Current k = 0
2023-01-11 17:48:23, INFO: Current k = 1
2023-01-11 17:48:46, INFO: Current k = 2
2023-01-11 17:48:47, INFO: Current k = 3
2023-01-11 17:48:49, INFO: Current k = 4
2023-01-11 17:48:50, INFO: Current k = 5
2023-01-11 17:49:15, INFO: Current k = 6
2023-01-11 17:49:43, INFO: Current k = 7
2023-01-11 17:49:44, INFO: Current k = 8
2023-01-11 17:49:46, INFO: Current k = 9
2023-01-11 17:50:11, INFO: Current k = 10
2023-01-11 17:50:13, INFO: Current k = 11
2023-01-11 17:50:21, INFO: Current k = 12
2023-01-11 17:50:22, INFO: Current k = 13
2023-01-11 17:50:48, INFO: Current k = 14
2023-01-11 17:50:49, INFO: Current k = 15
2023-01-11 17:51:23, INFO: Current k = 16
2023-01-11 17:57:39, INFO: Current k = 17
2023-01-11 17:57:48, INFO: Current k = 18
2023-01-11 17:57:52, INFO: Current k = 19
2023-01-11 17:58:28, INFO: Current k = 20
2023-01-11 17:58:36, INFO: Current k = 21
2023-01-11 17:59:01, INFO: Current k = 22
2023-01-11 17:59:14, INFO: Current k = 23
2023-01-11 17:59:21, INFO: Current k = 24
2023-01-11 17:59:54, INFO: Current k = 25
2023-01-11 18:00:25, INFO: Current k = 26
2023-01-11 18:00:30, INFO: Current k = 27
2023-01-11 18:02:45, INFO: Current k = 28
2023-01-11 18:02:57, INFO: Current k = 29
2023-01-11 18:03:29, INFO: Current k = 30
2023-01-11 18:03:55, INFO: Current k = 31
2023-01-11 18:03:56, INFO: Current k = 32
2023-01-11 18:04:08, INFO: Current k = 33
2023-01-11 18:04:39, INFO: Current k = 34
2023-01-11 18:04:40, INFO: Current k = 35
2023-01-11 18:05:05, INFO: Current k = 36
2023-01-11 18:05:06, INFO: Current k = 37
2023-01-11 18:05:08, INFO: Current k = 38
2023-01-11 18:05:12, INFO: Current k = 39
2023-01-11 18:05:43, INFO: Current k = 40
2023-01-11 18:06:18, INFO: Current k = 41
2023-01-11 18:06:20, INFO: Current k = 42
2023-01-11 18:06:28, INFO: Current k = 43
2023-01-11 18:07:01, INFO: Current k = 44
2023-01-11 18:09:43, INFO: Current k = 45
2023-01-11 18:09:47, INFO: Current k = 46
2023-01-11 18:09:48, INFO: Current k = 47
2023-01-11 18:10:27, INFO: Current k = 48
2023-01-11 18:11:16, INFO: Current k = 49
2023-01-11 18:11:18, INFO: Current k = 50
2023-01-11 18:12:11, INFO: Current k = 51
2023-01-11 18:12:12, INFO: Current k = 52
2023-01-11 18:12:17, INFO: Current k = 53
2023-01-11 18:15:03, INFO: Current k = 54
2023-01-11 18:15:23, INFO: Current k = 55
2023-01-11 18:15:33, INFO: Current k = 56
2023-01-11 18:16:17, INFO: Current k = 57
2023-01-11 18:16:27, INFO: Current k = 58
2023-01-11 18:17:10, INFO: Current k = 59
2023-01-11 18:18:12, INFO: Current k = 60
2023-01-11 18:18:41, INFO: Current k = 61
2023-01-11 18:22:33, INFO: Current k = 62
2023-01-11 18:22:44, INFO: Current k = 63
2023-01-11 18:23:08, INFO: Current k = 64
2023-01-11 18:24:09, INFO: Current k = 65
2023-01-11 18:24:36, INFO: Current k = 66
2023-01-11 18:24:44, INFO: Current k = 67
2023-01-11 18:25:17, INFO: Current k = 68
2023-01-11 18:25:20, INFO: Current k = 69
2023-01-11 18:25:22, INFO: Current k = 70
2023-01-11 18:25:27, INFO: Current k = 71
2023-01-11 18:25:53, INFO: Current k = 72
2023-01-11 18:26:16, INFO: Current k = 73
2023-01-11 18:26:18, INFO: Current k = 74
2023-01-11 18:26:57, INFO: Current k = 75
2023-01-11 18:27:00, INFO: Current k = 76
2023-01-11 18:27:34, INFO: Current k = 77
2023-01-11 18:27:36, INFO: Current k = 78
2023-01-11 18:28:00, INFO: Current k = 79
2023-01-11 18:28:22, INFO: Current k = 80
2023-01-11 18:28:46, INFO: Current k = 81
2023-01-11 18:29:20, INFO: Current k = 82
2023-01-11 18:29:53, INFO: Current k = 83
2023-01-11 18:30:34, INFO: Current k = 84
2023-01-11 18:31:23, INFO: Current k = 85
2023-01-11 18:34:07, INFO: Current k = 86
2023-01-11 18:34:34, INFO: Current k = 87
2023-01-11 18:35:22, INFO: Current k = 88
2023-01-11 18:35:24, INFO: Current k = 89
2023-01-11 18:35:26, INFO: Current k = 90
2023-01-11 18:36:07, INFO: Current k = 91
2023-01-11 18:36:24, INFO: Current k = 92
2023-01-11 18:36:25, INFO: Current k = 93
2023-01-11 18:36:53, INFO: Current k = 94
2023-01-11 18:36:54, INFO: Current k = 95
2023-01-11 18:37:22, INFO: Current k = 96
2023-01-11 18:37:23, INFO: Current k = 97
2023-01-11 18:40:06, INFO: Current k = 98
2023-01-11 18:40:06, INFO: Current k = 99
2023-01-11 18:40:36, INFO: VAL   in episode 40 has success rate: 0.54, collision rate: 0.40, nav time: 4.18, total reward: 0.2799
2023-01-11 18:40:36, INFO: Frequency of being in danger: 0.54 and average min separate distance in danger: 0.03
2023-01-11 18:40:36, INFO: INSIDE THE run_k_episodes FUNCTION.
2023-01-11 18:40:36, INFO: Current k = 0
2023-01-11 18:40:44, INFO: TRAIN in episode 40 has success rate: 1.00, collision rate: 0.00, nav time: 3.00, total reward: 1.2723
2023-01-11 18:40:44, INFO: Current episode=41
2023-01-11 18:40:44, INFO: Current episilon=0.4959
2023-01-11 18:40:44, INFO: INSIDE THE run_k_episodes FUNCTION.
2023-01-11 18:40:44, INFO: Current k = 0
2023-01-11 18:40:48, INFO: TRAIN in episode 41 has success rate: 0.00, collision rate: 1.00, nav time: 25.00, total reward: -0.6734
2023-01-11 18:40:48, INFO: Current episode=42
2023-01-11 18:40:48, INFO: Current episilon=0.4958
2023-01-11 18:40:48, INFO: INSIDE THE run_k_episodes FUNCTION.
2023-01-11 18:40:48, INFO: Current k = 0
2023-01-11 18:40:53, INFO: TRAIN in episode 42 has success rate: 0.00, collision rate: 1.00, nav time: 25.00, total reward: -0.5880
2023-01-11 18:40:53, INFO: Current episode=43
2023-01-11 18:40:53, INFO: Current episilon=0.4957
2023-01-11 18:40:53, INFO: INSIDE THE run_k_episodes FUNCTION.
2023-01-11 18:40:53, INFO: Current k = 0
2023-01-11 18:40:55, INFO: TRAIN in episode 43 has success rate: 0.00, collision rate: 1.00, nav time: 25.00, total reward: -0.7500
2023-01-11 18:40:55, INFO: Current episode=44
2023-01-11 18:40:55, INFO: Current episilon=0.4956
2023-01-11 18:40:55, INFO: INSIDE THE run_k_episodes FUNCTION.
2023-01-11 18:40:55, INFO: Current k = 0
2023-01-11 18:41:00, INFO: TRAIN in episode 44 has success rate: 0.00, collision rate: 1.00, nav time: 25.00, total reward: -0.5862
2023-01-11 18:41:00, INFO: Current episode=45
2023-01-11 18:41:00, INFO: Current episilon=0.4955
2023-01-11 18:41:00, INFO: INSIDE THE run_k_episodes FUNCTION.
2023-01-11 18:41:00, INFO: Current k = 0
2023-01-11 18:41:00, INFO: TRAIN in episode 45 has success rate: 0.00, collision rate: 1.00, nav time: 25.00, total reward: -0.7500
2023-01-11 18:41:01, INFO: Current episode=46
2023-01-11 18:41:01, INFO: Current episilon=0.4954
2023-01-11 18:41:01, INFO: INSIDE THE run_k_episodes FUNCTION.
2023-01-11 18:41:01, INFO: Current k = 0
2023-01-11 18:41:14, INFO: TRAIN in episode 46 has success rate: 0.00, collision rate: 1.00, nav time: 25.00, total reward: -0.5006
2023-01-11 18:41:14, INFO: Current episode=47
2023-01-11 18:41:14, INFO: Current episilon=0.4953
2023-01-11 18:41:14, INFO: INSIDE THE run_k_episodes FUNCTION.
2023-01-11 18:41:14, INFO: Current k = 0
2023-01-11 18:41:21, INFO: TRAIN in episode 47 has success rate: 0.00, collision rate: 1.00, nav time: 25.00, total reward: -0.7215
2023-01-11 18:41:21, INFO: Current episode=48
2023-01-11 18:41:21, INFO: Current episilon=0.4952
2023-01-11 18:41:21, INFO: INSIDE THE run_k_episodes FUNCTION.
2023-01-11 18:41:21, INFO: Current k = 0
2023-01-11 18:41:30, INFO: TRAIN in episode 48 has success rate: 0.00, collision rate: 1.00, nav time: 25.00, total reward: -0.5713
2023-01-11 18:41:30, INFO: Current episode=49
2023-01-11 18:41:30, INFO: Current episilon=0.4951
2023-01-11 18:41:30, INFO: INSIDE THE run_k_episodes FUNCTION.
2023-01-11 18:41:30, INFO: Current k = 0
2023-01-11 18:41:38, INFO: TRAIN in episode 49 has success rate: 0.00, collision rate: 1.00, nav time: 25.00, total reward: -0.5842
2023-01-11 18:41:38, INFO: Current episode=50
2023-01-11 18:41:38, INFO: Current episilon=0.495
2023-01-11 18:41:38, INFO: INSIDE THE run_k_episodes FUNCTION.
2023-01-11 18:41:38, INFO: Current k = 0
2023-01-11 18:41:39, INFO: TRAIN in episode 50 has success rate: 0.00, collision rate: 1.00, nav time: 25.00, total reward: -0.7500
2023-01-11 18:41:39, INFO: Current episode=51
2023-01-11 18:41:39, INFO: Current episilon=0.4949
2023-01-11 18:41:39, INFO: INSIDE THE run_k_episodes FUNCTION.
2023-01-11 18:41:39, INFO: Current k = 0
2023-01-11 18:41:49, INFO: TRAIN in episode 51 has success rate: 0.00, collision rate: 1.00, nav time: 25.00, total reward: -0.4547
2023-01-11 18:41:49, INFO: Current episode=52
2023-01-11 18:41:49, INFO: Current episilon=0.4948
2023-01-11 18:41:49, INFO: INSIDE THE run_k_episodes FUNCTION.
2023-01-11 18:41:49, INFO: Current k = 0
2023-01-11 18:42:05, INFO: TRAIN in episode 52 has success rate: 0.00, collision rate: 1.00, nav time: 25.00, total reward: -0.4147
2023-01-11 18:42:05, INFO: Current episode=53
2023-01-11 18:42:05, INFO: Current episilon=0.4947
2023-01-11 18:42:05, INFO: INSIDE THE run_k_episodes FUNCTION.
2023-01-11 18:42:05, INFO: Current k = 0
2023-01-11 18:42:05, INFO: TRAIN in episode 53 has success rate: 0.00, collision rate: 1.00, nav time: 25.00, total reward: -0.7500
2023-01-11 18:42:05, INFO: Current episode=54
2023-01-11 18:42:05, INFO: Current episilon=0.4946
2023-01-11 18:42:05, INFO: INSIDE THE run_k_episodes FUNCTION.
2023-01-11 18:42:05, INFO: Current k = 0
2023-01-11 18:42:24, INFO: TRAIN in episode 54 has success rate: 0.00, collision rate: 1.00, nav time: 25.00, total reward: -0.3546
2023-01-11 18:42:25, INFO: Current episode=55
2023-01-11 18:42:25, INFO: Current episilon=0.4945
2023-01-11 18:42:25, INFO: INSIDE THE run_k_episodes FUNCTION.
2023-01-11 18:42:25, INFO: Current k = 0
2023-01-11 18:42:25, INFO: TRAIN in episode 55 has success rate: 0.00, collision rate: 1.00, nav time: 25.00, total reward: -0.7132
2023-01-11 18:42:25, INFO: Current episode=56
2023-01-11 18:42:25, INFO: Current episilon=0.4944
2023-01-11 18:42:25, INFO: INSIDE THE run_k_episodes FUNCTION.
2023-01-11 18:42:25, INFO: Current k = 0
2023-01-11 18:43:03, INFO: TRAIN in episode 56 has success rate: 1.00, collision rate: 0.00, nav time: 8.00, total reward: 0.5247
2023-01-11 18:43:03, INFO: Current episode=57
2023-01-11 18:43:03, INFO: Current episilon=0.4943
2023-01-11 18:43:03, INFO: INSIDE THE run_k_episodes FUNCTION.
2023-01-11 18:43:03, INFO: Current k = 0
2023-01-11 18:43:22, INFO: TRAIN in episode 57 has success rate: 1.00, collision rate: 0.00, nav time: 4.50, total reward: 0.9902
2023-01-11 18:43:22, INFO: Current episode=58
2023-01-11 18:43:22, INFO: Current episilon=0.4942
2023-01-11 18:43:22, INFO: INSIDE THE run_k_episodes FUNCTION.
2023-01-11 18:43:22, INFO: Current k = 0
2023-01-11 18:43:24, INFO: TRAIN in episode 58 has success rate: 0.00, collision rate: 1.00, nav time: 25.00, total reward: -0.7500
2023-01-11 18:43:24, INFO: Current episode=59
2023-01-11 18:43:24, INFO: Current episilon=0.4941
2023-01-11 18:43:24, INFO: INSIDE THE run_k_episodes FUNCTION.
2023-01-11 18:43:24, INFO: Current k = 0
2023-01-11 18:43:29, INFO: TRAIN in episode 59 has success rate: 1.00, collision rate: 0.00, nav time: 1.25, total reward: 1.6982
2023-01-11 18:43:29, INFO: Current episode=60
2023-01-11 18:43:29, INFO: Current episilon=0.494
2023-01-11 18:43:29, INFO: INSIDE THE run_k_episodes FUNCTION.
2023-01-11 18:43:29, INFO: Current k = 0
2023-01-11 18:44:02, INFO: Current k = 1
2023-01-11 18:44:23, INFO: Current k = 2
2023-01-11 18:45:35, INFO: Current k = 3
2023-01-11 18:45:44, INFO: Current k = 4
2023-01-11 18:45:45, INFO: Current k = 5
2023-01-11 18:45:47, INFO: Current k = 6
2023-01-11 18:45:49, INFO: Current k = 7
2023-01-11 18:46:09, INFO: Current k = 8
2023-01-11 18:46:41, INFO: Current k = 9
2023-01-11 18:47:13, INFO: Current k = 10
2023-01-11 18:47:15, INFO: Current k = 11
2023-01-11 18:47:16, INFO: Current k = 12
2023-01-11 18:47:58, INFO: Current k = 13
2023-01-11 18:48:16, INFO: Current k = 14
2023-01-11 18:48:22, INFO: Current k = 15
2023-01-11 18:48:24, INFO: Current k = 16
2023-01-11 18:48:39, INFO: Current k = 17
2023-01-11 18:49:08, INFO: Current k = 18
2023-01-11 18:49:32, INFO: Current k = 19
2023-01-11 18:50:02, INFO: Current k = 20
2023-01-11 18:50:36, INFO: Current k = 21
2023-01-11 18:51:02, INFO: Current k = 22
2023-01-11 18:51:40, INFO: Current k = 23
2023-01-11 18:51:54, INFO: Current k = 24
2023-01-11 18:54:37, INFO: Current k = 25
2023-01-11 18:55:06, INFO: Current k = 26
2023-01-11 18:55:42, INFO: Current k = 27
2023-01-11 18:55:43, INFO: Current k = 28
2023-01-11 18:56:43, INFO: Current k = 29
2023-01-11 18:57:19, INFO: Current k = 30
2023-01-11 18:57:45, INFO: Current k = 31
2023-01-11 18:58:04, INFO: Current k = 32
2023-01-11 18:58:09, INFO: Current k = 33
2023-01-11 18:58:50, INFO: Current k = 34
2023-01-11 18:59:39, INFO: Current k = 35
2023-01-11 18:59:40, INFO: Current k = 36
2023-01-11 18:59:57, INFO: Current k = 37
2023-01-11 19:00:31, INFO: Current k = 38
2023-01-11 19:00:34, INFO: Current k = 39
2023-01-11 19:00:36, INFO: Current k = 40
2023-01-11 19:00:36, INFO: Current k = 41
2023-01-11 19:00:38, INFO: Current k = 42
2023-01-11 19:00:49, INFO: Current k = 43
2023-01-11 19:01:39, INFO: Current k = 44
2023-01-11 19:01:55, INFO: Current k = 45
2023-01-11 19:01:57, INFO: Current k = 46
2023-01-11 19:02:43, INFO: Current k = 47
2023-01-11 19:02:49, INFO: Current k = 48
2023-01-11 19:03:12, INFO: Current k = 49
2023-01-11 19:03:44, INFO: Current k = 50
2023-01-11 19:04:13, INFO: Current k = 51
2023-01-11 19:04:22, INFO: Current k = 52
2023-01-11 19:04:43, INFO: Current k = 53
2023-01-11 19:04:57, INFO: Current k = 54
2023-01-11 19:05:03, INFO: Current k = 55
2023-01-11 19:05:05, INFO: Current k = 56
2023-01-11 19:05:07, INFO: Current k = 57
2023-01-11 19:05:41, INFO: Current k = 58
2023-01-11 19:06:26, INFO: Current k = 59
2023-01-11 19:06:33, INFO: Current k = 60
2023-01-11 19:06:52, INFO: Current k = 61
2023-01-11 19:07:02, INFO: Current k = 62
2023-01-11 19:07:09, INFO: Current k = 63
2023-01-11 19:07:34, INFO: Current k = 64
2023-01-11 19:07:52, INFO: Current k = 65
2023-01-11 19:07:56, INFO: Current k = 66
2023-01-11 19:08:16, INFO: Current k = 67
2023-01-11 19:08:41, INFO: Current k = 68
2023-01-11 19:09:29, INFO: Current k = 69
2023-01-11 19:09:30, INFO: Current k = 70
2023-01-11 19:09:43, INFO: Current k = 71
2023-01-11 19:09:53, INFO: Current k = 72
2023-01-11 19:09:55, INFO: Current k = 73
2023-01-11 19:10:46, INFO: Current k = 74
2023-01-11 19:11:18, INFO: Current k = 75
2023-01-11 19:11:20, INFO: Current k = 76
2023-01-11 19:12:02, INFO: Current k = 77
2023-01-11 19:12:50, INFO: Current k = 78
2023-01-11 19:12:55, INFO: Current k = 79
2023-01-11 19:12:58, INFO: Current k = 80
2023-01-11 19:15:41, INFO: Current k = 81
2023-01-11 19:16:06, INFO: Current k = 82
2023-01-11 19:16:08, INFO: Current k = 83
2023-01-11 19:16:24, INFO: Current k = 84
2023-01-11 19:16:54, INFO: Current k = 85
2023-01-11 19:17:27, INFO: Current k = 86
2023-01-11 19:17:57, INFO: Current k = 87
2023-01-11 19:18:27, INFO: Current k = 88
2023-01-11 19:18:56, INFO: Current k = 89
2023-01-11 19:19:01, INFO: Current k = 90
2023-01-11 19:19:31, INFO: Current k = 91
2023-01-11 19:19:33, INFO: Current k = 92
2023-01-11 19:20:24, INFO: Current k = 93
2023-01-11 19:20:43, INFO: Current k = 94
2023-01-11 19:20:55, INFO: Current k = 95
2023-01-11 19:20:56, INFO: Current k = 96
2023-01-11 19:20:58, INFO: Current k = 97
2023-01-11 19:21:01, INFO: Current k = 98
2023-01-11 19:21:23, INFO: Current k = 99
2023-01-11 19:21:50, INFO: VAL   in episode 60 has success rate: 0.63, collision rate: 0.35, nav time: 3.57, total reward: 0.5098
2023-01-11 19:21:50, INFO: Frequency of being in danger: 0.47 and average min separate distance in danger: 0.05
2023-01-11 19:21:50, INFO: INSIDE THE run_k_episodes FUNCTION.
2023-01-11 19:21:50, INFO: Current k = 0
2023-01-11 19:21:52, INFO: TRAIN in episode 60 has success rate: 1.00, collision rate: 0.00, nav time: 0.25, total reward: 2.0000
2023-01-11 19:21:52, INFO: Current episode=61
2023-01-11 19:21:52, INFO: Current episilon=0.4939
2023-01-11 19:21:52, INFO: INSIDE THE run_k_episodes FUNCTION.
2023-01-11 19:21:52, INFO: Current k = 0
2023-01-11 19:22:32, INFO: TRAIN in episode 61 has success rate: 1.00, collision rate: 0.00, nav time: 13.00, total reward: 0.2107
2023-01-11 19:22:32, INFO: Current episode=62
2023-01-11 19:22:32, INFO: Current episilon=0.4938
2023-01-11 19:22:32, INFO: INSIDE THE run_k_episodes FUNCTION.
2023-01-11 19:22:32, INFO: Current k = 0
2023-01-11 19:22:34, INFO: TRAIN in episode 62 has success rate: 0.00, collision rate: 1.00, nav time: 25.00, total reward: -0.7500
2023-01-11 19:22:34, INFO: Current episode=63
2023-01-11 19:22:34, INFO: Current episilon=0.4937
2023-01-11 19:22:34, INFO: INSIDE THE run_k_episodes FUNCTION.
2023-01-11 19:22:34, INFO: Current k = 0
2023-01-11 19:22:34, INFO: TRAIN in episode 63 has success rate: 0.00, collision rate: 1.00, nav time: 25.00, total reward: -0.7332
2023-01-11 19:22:34, INFO: Current episode=64
2023-01-11 19:22:34, INFO: Current episilon=0.4936
2023-01-11 19:22:34, INFO: INSIDE THE run_k_episodes FUNCTION.
2023-01-11 19:22:34, INFO: Current k = 0
2023-01-11 19:22:36, INFO: TRAIN in episode 64 has success rate: 1.00, collision rate: 0.00, nav time: 0.50, total reward: 1.9200
2023-01-11 19:22:36, INFO: Current episode=65
2023-01-11 19:22:36, INFO: Current episilon=0.4935
2023-01-11 19:22:36, INFO: INSIDE THE run_k_episodes FUNCTION.
2023-01-11 19:22:36, INFO: Current k = 0
2023-01-11 19:22:38, INFO: TRAIN in episode 65 has success rate: 0.00, collision rate: 1.00, nav time: 25.00, total reward: -0.7500
2023-01-11 19:22:38, INFO: Current episode=66
2023-01-11 19:22:38, INFO: Current episilon=0.4934
2023-01-11 19:22:38, INFO: INSIDE THE run_k_episodes FUNCTION.
2023-01-11 19:22:38, INFO: Current k = 0
2023-01-11 19:22:52, INFO: TRAIN in episode 66 has success rate: 1.00, collision rate: 0.00, nav time: 2.25, total reward: 1.4405
2023-01-11 19:22:52, INFO: Current episode=67
2023-01-11 19:22:52, INFO: Current episilon=0.4933
2023-01-11 19:22:52, INFO: INSIDE THE run_k_episodes FUNCTION.
2023-01-11 19:22:52, INFO: Current k = 0
2023-01-11 19:23:31, INFO: TRAIN in episode 67 has success rate: 1.00, collision rate: 0.00, nav time: 13.75, total reward: 0.1800
2023-01-11 19:23:31, INFO: Current episode=68
2023-01-11 19:23:31, INFO: Current episilon=0.49319999999999997
2023-01-11 19:23:31, INFO: INSIDE THE run_k_episodes FUNCTION.
2023-01-11 19:23:31, INFO: Current k = 0
2023-01-11 19:23:41, INFO: TRAIN in episode 68 has success rate: 1.00, collision rate: 0.00, nav time: 2.50, total reward: 1.3822
2023-01-11 19:23:41, INFO: Current episode=69
2023-01-11 19:23:41, INFO: Current episilon=0.4931
2023-01-11 19:23:41, INFO: INSIDE THE run_k_episodes FUNCTION.
2023-01-11 19:23:41, INFO: Current k = 0
2023-01-11 19:24:15, INFO: TRAIN in episode 69 has success rate: 1.00, collision rate: 0.00, nav time: 12.00, total reward: 0.2102
2023-01-11 19:24:15, INFO: Current episode=70
2023-01-11 19:24:15, INFO: Current episilon=0.493
2023-01-11 19:24:15, INFO: INSIDE THE run_k_episodes FUNCTION.
2023-01-11 19:24:15, INFO: Current k = 0
2023-01-11 19:24:17, INFO: TRAIN in episode 70 has success rate: 0.00, collision rate: 1.00, nav time: 25.00, total reward: -0.7500
2023-01-11 19:24:17, INFO: Current episode=71
2023-01-11 19:24:17, INFO: Current episilon=0.4929
2023-01-11 19:24:17, INFO: INSIDE THE run_k_episodes FUNCTION.
2023-01-11 19:24:17, INFO: Current k = 0
2023-01-11 19:24:24, INFO: TRAIN in episode 71 has success rate: 0.00, collision rate: 1.00, nav time: 25.00, total reward: -0.5970
2023-01-11 19:24:24, INFO: Current episode=72
2023-01-11 19:24:24, INFO: Current episilon=0.4928
2023-01-11 19:24:24, INFO: INSIDE THE run_k_episodes FUNCTION.
2023-01-11 19:24:24, INFO: Current k = 0
2023-01-11 19:24:40, INFO: TRAIN in episode 72 has success rate: 1.00, collision rate: 0.00, nav time: 3.25, total reward: 1.2205
2023-01-11 19:24:40, INFO: Current episode=73
2023-01-11 19:24:40, INFO: Current episilon=0.4927
2023-01-11 19:24:40, INFO: INSIDE THE run_k_episodes FUNCTION.
2023-01-11 19:24:40, INFO: Current k = 0
2023-01-11 19:24:48, INFO: TRAIN in episode 73 has success rate: 1.00, collision rate: 0.00, nav time: 2.00, total reward: 1.4978
2023-01-11 19:24:49, INFO: Current episode=74
2023-01-11 19:24:49, INFO: Current episilon=0.4926
2023-01-11 19:24:49, INFO: INSIDE THE run_k_episodes FUNCTION.
2023-01-11 19:24:49, INFO: Current k = 0
2023-01-11 19:24:50, INFO: TRAIN in episode 74 has success rate: 1.00, collision rate: 0.00, nav time: 0.50, total reward: 1.9106
2023-01-11 19:24:51, INFO: Current episode=75
2023-01-11 19:24:51, INFO: Current episilon=0.4925
2023-01-11 19:24:51, INFO: INSIDE THE run_k_episodes FUNCTION.
2023-01-11 19:24:51, INFO: Current k = 0
2023-01-11 19:24:54, INFO: TRAIN in episode 75 has success rate: 1.00, collision rate: 0.00, nav time: 1.00, total reward: 1.7692
2023-01-11 19:24:54, INFO: Current episode=76
2023-01-11 19:24:54, INFO: Current episilon=0.4924
2023-01-11 19:24:54, INFO: INSIDE THE run_k_episodes FUNCTION.
2023-01-11 19:24:54, INFO: Current k = 0
2023-01-11 19:25:14, INFO: TRAIN in episode 76 has success rate: 1.00, collision rate: 0.00, nav time: 8.00, total reward: 0.5421
2023-01-11 19:25:14, INFO: Current episode=77
2023-01-11 19:25:14, INFO: Current episilon=0.4923
2023-01-11 19:25:14, INFO: INSIDE THE run_k_episodes FUNCTION.
2023-01-11 19:25:14, INFO: Current k = 0
2023-01-11 19:25:30, INFO: TRAIN in episode 77 has success rate: 0.00, collision rate: 1.00, nav time: 25.00, total reward: -0.3853
2023-01-11 19:25:30, INFO: Current episode=78
2023-01-11 19:25:30, INFO: Current episilon=0.4922
2023-01-11 19:25:30, INFO: INSIDE THE run_k_episodes FUNCTION.
2023-01-11 19:25:30, INFO: Current k = 0
2023-01-11 19:25:32, INFO: TRAIN in episode 78 has success rate: 0.00, collision rate: 1.00, nav time: 25.00, total reward: -0.7500
2023-01-11 19:25:32, INFO: Current episode=79
2023-01-11 19:25:32, INFO: Current episilon=0.4921
2023-01-11 19:25:32, INFO: INSIDE THE run_k_episodes FUNCTION.
2023-01-11 19:25:32, INFO: Current k = 0
2023-01-11 19:25:32, INFO: TRAIN in episode 79 has success rate: 0.00, collision rate: 1.00, nav time: 25.00, total reward: -0.7500
2023-01-11 19:25:33, INFO: Current episode=80
2023-01-11 19:25:33, INFO: Current episilon=0.492
2023-01-11 19:25:33, INFO: INSIDE THE run_k_episodes FUNCTION.
2023-01-11 19:25:33, INFO: Current k = 0
2023-01-11 19:25:39, INFO: Current k = 1
2023-01-11 19:25:41, INFO: Current k = 2
2023-01-11 19:26:28, INFO: Current k = 3
2023-01-11 19:27:11, INFO: Current k = 4
2023-01-11 19:27:12, INFO: Current k = 5
2023-01-11 19:27:14, INFO: Current k = 6
2023-01-11 19:27:33, INFO: Current k = 7
2023-01-11 19:28:02, INFO: Current k = 8
2023-01-11 19:28:31, INFO: Current k = 9
2023-01-11 19:28:57, INFO: Current k = 10
2023-01-11 19:29:47, INFO: Current k = 11
2023-01-11 19:29:57, INFO: Current k = 12
2023-01-11 19:29:59, INFO: Current k = 13
2023-01-11 19:30:17, INFO: Current k = 14
2023-01-11 19:30:39, INFO: Current k = 15
2023-01-11 19:31:09, INFO: Current k = 16
2023-01-11 19:31:48, INFO: Current k = 17
2023-01-11 19:32:15, INFO: Current k = 18
2023-01-11 19:32:16, INFO: Current k = 19
2023-01-11 19:32:23, INFO: Current k = 20
2023-01-11 19:32:50, INFO: Current k = 21
2023-01-11 19:33:41, INFO: Current k = 22
2023-01-11 19:33:43, INFO: Current k = 23
2023-01-11 19:33:53, INFO: Current k = 24
2023-01-11 19:34:17, INFO: Current k = 25
2023-01-11 19:34:19, INFO: Current k = 26
2023-01-11 19:34:47, INFO: Current k = 27
2023-01-11 19:37:26, INFO: Current k = 28
2023-01-11 19:37:49, INFO: Current k = 29
2023-01-11 19:38:35, INFO: Current k = 30
2023-01-11 19:38:36, INFO: Current k = 31
2023-01-11 19:38:40, INFO: Current k = 32
2023-01-11 19:38:41, INFO: Current k = 33
2023-01-11 19:38:41, INFO: Current k = 34
2023-01-11 19:39:20, INFO: Current k = 35
2023-01-11 19:40:03, INFO: Current k = 36
2023-01-11 19:40:13, INFO: Current k = 37
2023-01-11 19:40:32, INFO: Current k = 38
2023-01-11 19:40:33, INFO: Current k = 39
2023-01-11 19:41:12, INFO: Current k = 40
2023-01-11 19:41:14, INFO: Current k = 41
2023-01-11 19:41:27, INFO: Current k = 42
2023-01-11 19:41:37, INFO: Current k = 43
2023-01-11 19:41:39, INFO: Current k = 44
2023-01-11 19:41:41, INFO: Current k = 45
2023-01-11 19:41:59, INFO: Current k = 46
2023-01-11 19:42:13, INFO: Current k = 47
2023-01-11 19:42:31, INFO: Current k = 48
2023-01-11 19:43:00, INFO: Current k = 49
2023-01-11 19:43:08, INFO: Current k = 50
2023-01-11 19:43:32, INFO: Current k = 51
2023-01-11 19:43:44, INFO: Current k = 52
2023-01-11 19:43:45, INFO: Current k = 53
2023-01-11 19:43:57, INFO: Current k = 54
2023-01-11 19:43:59, INFO: Current k = 55
2023-01-11 19:44:06, INFO: Current k = 56
2023-01-11 19:44:48, INFO: Current k = 57
2023-01-11 19:44:50, INFO: Current k = 58
2023-01-11 19:45:17, INFO: Current k = 59
2023-01-11 19:45:56, INFO: Current k = 60
2023-01-11 19:46:32, INFO: Current k = 61
2023-01-11 19:46:34, INFO: Current k = 62
2023-01-11 19:47:07, INFO: Current k = 63
2023-01-11 19:47:55, INFO: Current k = 64
2023-01-11 19:47:57, INFO: Current k = 65
2023-01-11 19:48:21, INFO: Current k = 66
2023-01-11 19:49:00, INFO: Current k = 67
2023-01-11 19:49:15, INFO: Current k = 68
2023-01-11 19:49:17, INFO: Current k = 69
2023-01-11 19:49:51, INFO: Current k = 70
2023-01-11 19:50:48, INFO: Current k = 71
2023-01-11 19:51:34, INFO: Current k = 72
2023-01-11 19:51:37, INFO: Current k = 73
2023-01-11 19:52:25, INFO: Current k = 74
2023-01-11 19:52:26, INFO: Current k = 75
2023-01-11 19:55:09, INFO: Current k = 76
2023-01-11 20:12:46, INFO: Current k = 77
2023-01-11 20:25:45, INFO: Current k = 78
2023-01-11 21:20:43, INFO: Current k = 79
2023-01-11 21:21:23, INFO: Current k = 80
2023-01-11 21:21:47, INFO: Current k = 81
2023-01-11 21:22:02, INFO: Current k = 82
2023-01-11 21:22:06, INFO: Current k = 83
2023-01-11 21:22:11, INFO: Current k = 84
2023-01-11 21:22:14, INFO: Current k = 85
2023-01-11 21:22:22, INFO: Current k = 86
2023-01-11 21:22:58, INFO: Current k = 87
2023-01-11 21:23:01, INFO: Current k = 88
2023-01-11 21:23:17, INFO: Current k = 89
2023-01-11 21:23:36, INFO: Current k = 90
2023-01-11 21:23:38, INFO: Current k = 91
2023-01-11 21:23:58, INFO: Current k = 92
2023-01-11 21:26:42, INFO: Current k = 93
2023-01-11 21:27:07, INFO: Current k = 94
2023-01-11 21:27:44, INFO: Current k = 95
2023-01-11 21:28:18, INFO: Current k = 96
2023-01-11 21:28:44, INFO: Current k = 97
2023-01-11 21:29:14, INFO: Current k = 98
2023-01-11 21:29:43, INFO: Current k = 99
2023-01-11 21:30:06, INFO: VAL   in episode 80 has success rate: 0.65, collision rate: 0.31, nav time: 3.85, total reward: 0.4929
2023-01-11 21:30:06, INFO: Frequency of being in danger: 0.46 and average min separate distance in danger: 0.04
2023-01-11 21:30:06, INFO: INSIDE THE run_k_episodes FUNCTION.
2023-01-11 21:30:06, INFO: Current k = 0
2023-01-11 21:30:15, INFO: TRAIN in episode 80 has success rate: 1.00, collision rate: 0.00, nav time: 2.25, total reward: 1.3972
2023-01-11 21:30:15, INFO: Current episode=81
2023-01-11 21:30:15, INFO: Current episilon=0.4919
2023-01-11 21:30:15, INFO: INSIDE THE run_k_episodes FUNCTION.
2023-01-11 21:30:15, INFO: Current k = 0
2023-01-11 21:30:36, INFO: TRAIN in episode 81 has success rate: 0.00, collision rate: 1.00, nav time: 25.00, total reward: -0.3323
2023-01-11 21:30:36, INFO: Current episode=82
2023-01-11 21:30:36, INFO: Current episilon=0.4918
2023-01-11 21:30:36, INFO: INSIDE THE run_k_episodes FUNCTION.
2023-01-11 21:30:36, INFO: Current k = 0
2023-01-11 21:30:40, INFO: TRAIN in episode 82 has success rate: 0.00, collision rate: 1.00, nav time: 25.00, total reward: -0.6919
2023-01-11 21:30:40, INFO: Current episode=83
2023-01-11 21:30:40, INFO: Current episilon=0.4917
2023-01-11 21:30:40, INFO: INSIDE THE run_k_episodes FUNCTION.
2023-01-11 21:30:40, INFO: Current k = 0
2023-01-11 21:30:41, INFO: TRAIN in episode 83 has success rate: 0.00, collision rate: 1.00, nav time: 25.00, total reward: -0.6734
2023-01-11 21:30:42, INFO: Current episode=84
2023-01-11 21:30:42, INFO: Current episilon=0.4916
2023-01-11 21:30:42, INFO: INSIDE THE run_k_episodes FUNCTION.
2023-01-11 21:30:42, INFO: Current k = 0
2023-01-11 21:31:19, INFO: TRAIN in episode 84 has success rate: 1.00, collision rate: 0.00, nav time: 11.00, total reward: 0.2508
2023-01-11 21:31:20, INFO: Current episode=85
2023-01-11 21:31:20, INFO: Current episilon=0.4915
2023-01-11 21:31:20, INFO: INSIDE THE run_k_episodes FUNCTION.
2023-01-11 21:31:20, INFO: Current k = 0
2023-01-11 21:31:23, INFO: TRAIN in episode 85 has success rate: 0.00, collision rate: 1.00, nav time: 25.00, total reward: -0.7100
2023-01-11 21:31:23, INFO: Current episode=86
2023-01-11 21:31:23, INFO: Current episilon=0.4914
2023-01-11 21:31:23, INFO: INSIDE THE run_k_episodes FUNCTION.
2023-01-11 21:31:23, INFO: Current k = 0
2023-01-11 21:31:49, INFO: TRAIN in episode 86 has success rate: 1.00, collision rate: 0.00, nav time: 7.00, total reward: 0.6459
2023-01-11 21:31:49, INFO: Current episode=87
2023-01-11 21:31:49, INFO: Current episilon=0.4913
2023-01-11 21:31:49, INFO: INSIDE THE run_k_episodes FUNCTION.
2023-01-11 21:31:49, INFO: Current k = 0
2023-01-11 21:31:58, INFO: TRAIN in episode 87 has success rate: 1.00, collision rate: 0.00, nav time: 3.75, total reward: 1.1229
2023-01-11 21:31:58, INFO: Current episode=88
2023-01-11 21:31:58, INFO: Current episilon=0.4912
2023-01-11 21:31:58, INFO: INSIDE THE run_k_episodes FUNCTION.
2023-01-11 21:31:58, INFO: Current k = 0
2023-01-11 21:31:58, INFO: TRAIN in episode 88 has success rate: 0.00, collision rate: 1.00, nav time: 25.00, total reward: -0.7500
2023-01-11 21:31:58, INFO: Current episode=89
2023-01-11 21:31:58, INFO: Current episilon=0.4911
2023-01-11 21:31:58, INFO: INSIDE THE run_k_episodes FUNCTION.
2023-01-11 21:31:58, INFO: Current k = 0
2023-01-11 21:32:12, INFO: TRAIN in episode 89 has success rate: 0.00, collision rate: 1.00, nav time: 25.00, total reward: -0.4884
2023-01-11 21:32:12, INFO: Current episode=90
2023-01-11 21:32:12, INFO: Current episilon=0.491
2023-01-11 21:32:12, INFO: INSIDE THE run_k_episodes FUNCTION.
2023-01-11 21:32:12, INFO: Current k = 0
2023-01-11 21:32:49, INFO: TRAIN in episode 90 has success rate: 1.00, collision rate: 0.00, nav time: 11.00, total reward: 0.1826
2023-01-11 21:32:49, INFO: Current episode=91
2023-01-11 21:32:49, INFO: Current episilon=0.4909
2023-01-11 21:32:49, INFO: INSIDE THE run_k_episodes FUNCTION.
2023-01-11 21:32:49, INFO: Current k = 0
2023-01-11 21:32:51, INFO: TRAIN in episode 91 has success rate: 0.00, collision rate: 1.00, nav time: 25.00, total reward: -0.7500
2023-01-11 21:32:51, INFO: Current episode=92
2023-01-11 21:32:51, INFO: Current episilon=0.4908
2023-01-11 21:32:51, INFO: INSIDE THE run_k_episodes FUNCTION.
2023-01-11 21:32:51, INFO: Current k = 0
2023-01-11 21:32:57, INFO: TRAIN in episode 92 has success rate: 0.00, collision rate: 1.00, nav time: 25.00, total reward: -0.5714
2023-01-11 21:32:57, INFO: Current episode=93
2023-01-11 21:32:57, INFO: Current episilon=0.4907
2023-01-11 21:32:57, INFO: INSIDE THE run_k_episodes FUNCTION.
2023-01-11 21:32:57, INFO: Current k = 0
2023-01-11 21:33:14, INFO: TRAIN in episode 93 has success rate: 0.00, collision rate: 1.00, nav time: 25.00, total reward: -0.4832
2023-01-11 21:33:14, INFO: Current episode=94
2023-01-11 21:33:14, INFO: Current episilon=0.4906
2023-01-11 21:33:14, INFO: INSIDE THE run_k_episodes FUNCTION.
2023-01-11 21:33:14, INFO: Current k = 0
2023-01-11 21:33:35, INFO: TRAIN in episode 94 has success rate: 1.00, collision rate: 0.00, nav time: 7.00, total reward: 0.6412
2023-01-11 21:33:35, INFO: Current episode=95
2023-01-11 21:33:35, INFO: Current episilon=0.4905
2023-01-11 21:33:35, INFO: INSIDE THE run_k_episodes FUNCTION.
2023-01-11 21:33:35, INFO: Current k = 0
2023-01-11 21:33:36, INFO: TRAIN in episode 95 has success rate: 0.00, collision rate: 1.00, nav time: 25.00, total reward: -0.7259
2023-01-11 21:33:37, INFO: Current episode=96
2023-01-11 21:33:37, INFO: Current episilon=0.4904
2023-01-11 21:33:37, INFO: INSIDE THE run_k_episodes FUNCTION.
2023-01-11 21:33:37, INFO: Current k = 0
2023-01-11 21:33:40, INFO: TRAIN in episode 96 has success rate: 0.00, collision rate: 1.00, nav time: 25.00, total reward: -0.6322
2023-01-11 21:33:40, INFO: Current episode=97
2023-01-11 21:33:40, INFO: Current episilon=0.4903
2023-01-11 21:33:40, INFO: INSIDE THE run_k_episodes FUNCTION.
2023-01-11 21:33:40, INFO: Current k = 0
2023-01-11 21:33:51, INFO: TRAIN in episode 97 has success rate: 1.00, collision rate: 0.00, nav time: 4.75, total reward: 0.9493
2023-01-11 21:33:51, INFO: Current episode=98
2023-01-11 21:33:51, INFO: Current episilon=0.4902
2023-01-11 21:33:51, INFO: INSIDE THE run_k_episodes FUNCTION.
2023-01-11 21:33:51, INFO: Current k = 0
2023-01-11 21:34:13, INFO: TRAIN in episode 98 has success rate: 0.00, collision rate: 1.00, nav time: 25.00, total reward: -0.4293
2023-01-11 21:34:13, INFO: Current episode=99
2023-01-11 21:34:13, INFO: Current episilon=0.4901
2023-01-11 21:34:13, INFO: INSIDE THE run_k_episodes FUNCTION.
2023-01-11 21:34:13, INFO: Current k = 0
2023-01-11 21:34:15, INFO: TRAIN in episode 99 has success rate: 0.00, collision rate: 1.00, nav time: 25.00, total reward: -0.6867
2023-01-11 21:34:16, INFO: INSIDE THE run_k_episodes FUNCTION.
2023-01-11 21:34:16, INFO: Current k = 0
2023-01-11 21:34:36, INFO: Current k = 1
2023-01-11 21:35:16, INFO: Current k = 2
2023-01-11 21:37:57, INFO: Current k = 3
2023-01-11 21:38:26, INFO: Current k = 4
2023-01-11 21:39:04, INFO: Current k = 5
2023-01-11 21:39:55, INFO: Current k = 6
2023-01-11 21:39:56, INFO: Current k = 7
2023-01-11 21:40:07, INFO: Current k = 8
2023-01-11 21:40:31, INFO: Current k = 9
2023-01-11 21:40:33, INFO: Current k = 10
2023-01-11 21:41:24, INFO: Current k = 11
2023-01-11 21:41:33, INFO: Current k = 12
2023-01-11 21:47:35, INFO: Current k = 13
2023-01-11 21:48:11, INFO: Current k = 14
2023-01-11 21:48:13, INFO: Current k = 15
2023-01-11 21:48:27, INFO: Current k = 16
2023-01-11 21:48:40, INFO: Current k = 17
2023-01-11 21:49:23, INFO: Current k = 18
2023-01-11 21:49:36, INFO: Current k = 19
2023-01-11 21:49:42, INFO: TEST  in episode 100 has success rate: 0.75, collision rate: 0.15, nav time: 3.97, total reward: 0.6625
2023-01-11 21:49:42, INFO: Frequency of being in danger: 0.67 and average min separate distance in danger: 0.03
